37318054
26 371 26 134 131
26 371 51 371 234
26 371 59 331 95
51 389 58 389 721
51 389 59 389 23
57 3608 20 3352 262
57 3608 55 3608 130
67 3352 20 3352 141
69 3865 69 3847 338
82 3272 77 3272 132
82 3272 82 3229 227
84 3498 20 3352 147
84 3498 67 3290 157
84 3498 82 3229 357
84 3498 225 3497 3
84 3498 225 3498 128
84 3519 20 3352 288
84 3519 55 3519 248
87 331 59 331 58
87 394 59 389 452
98 394 59 331 25
98 394 59 389 73
123 1742 97 1742 506
127 439 98 439 276
130 3897 57 3847 130
130 3897 69 3847 177
130 3897 130 3865 12
130 3897 225 3498 466
131 1554 131 1570 394
142 3123 142 3229 259
162 508 98 439 22
162 508 127 508 51
162 681 98 439 291
183 681 59 331 649
183 681 98 439 54
183 681 183 698 64
208 1630 205 1637 34
228 1630 205 1637 106
228 1630 205 1683 59
247 698 183 698 192
247 698 262 774 445
247 774 262 774 18
257 3101 143 3109 34
257 3109 143 3109 163
266 1528 205 1683 92
266 1528 540 1543 381
266 1528 540 1614 185
266 1535 131 1570 328
266 1535 205 1683 286
278 1528 539 1543 320
278 1528 540 1543 31
278 1528 540 1614 257
281 1349 262 774 5
281 1349 278 1416 766
284 1349 262 774 139
284 1349 540 1543 170
284 1349 540 1614 28
284 1349 547 1431 129
284 1349 547 1451 86
284 1360 442 1462 59
284 1360 442 1474 198
284 1360 524 1474 465
284 1416 524 1474 45
284 1416 547 1431 54
284 1416 547 1451 32
300 2636 82 3229 89
300 2636 142 3229 223
300 2636 143 3109 77
300 2636 300 2673 162
300 2636 320 2668 41
305 714 262 774 121
312 3900 225 3498 46
312 3900 312 3926 111
312 3900 340 3900 154
320 2673 320 2668 384
340 3857 225 3497 255
340 3857 225 3498 149
348 940 262 774 122
348 940 305 862 486
348 940 427 960 92
350 2196 97 1742 170
350 2196 515 2342 162
350 2196 540 1614 322
350 2313 515 2319 51
350 2313 515 2342 203
366 940 366 960 123
366 940 427 960 45
403 2605 320 2668 242
403 2605 332 3078 48
403 2668 320 2668 99
403 2668 332 3078 247
403 2668 332 3101 296
403 2668 435 3078 112
403 2668 582 2996 81
413 1360 430 1360 394
413 1360 442 1462 147
427 928 427 960 587
430 1391 442 1391 385
430 1391 442 1462 411
433 2313 515 2319 16
433 2314 441 2319 107
433 2314 515 2319 609
435 3003 435 3078 220
441 2314 441 2319 601
452 712 676 552 61
452 712 710 552 451
452 712 710 597 168
480 1451 524 1474 238
500 2605 500 2457 28
500 2605 500 2628 243
500 2605 516 2457 151
500 2605 539 2996 77
500 2605 582 2996 91
501 948 501 928 483
516 2342 515 2342 341
516 2342 516 2457 224
529 3003 604 3015 84
529 3003 609 3015 312
529 3039 609 3018 440
529 3039 636 3018 176
539 3039 604 3015 1
539 3039 609 3015 284
539 3039 609 3018 201
539 3039 636 3018 15
542 960 501 928 73
542 960 567 960 80
542 960 602 713 215
544 323 563 298 269
544 323 639 226 316
544 323 679 284 124
563 323 563 298 354
567 1103 602 713 157
567 1103 616 1103 99
567 1103 794 893 5
584 2879 582 2996 318
584 2879 586 2879 311
584 2879 604 3015 107
584 2897 582 2897 264
584 2897 582 2996 314
586 2722 586 2808 607
586 2722 586 2879 158
602 712 602 713 110
602 712 639 704 92
602 712 669 609 106
602 712 676 552 349
602 712 710 597 105
602 712 786 598 23
604 2996 604 3015 156
605 2628 605 2722 234
605 2628 609 3015 112
607 2344 516 2457 84
607 2344 607 2342 526
609 3857 609 3854 103
609 3857 991 3516 144
636 1153 1030 1111 41
636 1185 1030 1111 407
636 3058 636 3018 175
636 3058 685 3058 384
639 713 639 704 609
641 1185 1030 1111 178
641 1301 557 1614 175
641 1301 794 817 191
641 1301 794 893 359
641 1301 1112 845 97
656 609 656 597 491
656 609 669 609 25
669 704 669 609 221
670 1301 670 1231 52
670 1301 794 893 132
670 1301 1030 1111 9
670 1301 1034 867 455
670 1301 1082 835 58
676 415 676 552 49
676 415 710 552 247
676 415 722 415 410
681 1414 547 1451 15
681 1414 557 1614 269
681 1414 632 1414 113
681 1414 632 1431 29
681 2352 516 2457 189
681 2352 681 2344 105
686 3102 685 3058 70
701 3127 686 3127 246
708 3179 685 3058 230
708 3179 686 3127 85
708 3179 782 3344 45
708 3344 782 3344 237
722 352 679 284 298
722 352 722 415 409
731 704 780 597 365
731 704 780 598 95
731 704 786 598 329
731 763 786 598 361
782 3364 782 3344 431
782 3364 991 3459 98
782 3364 991 3516 114
786 817 794 817 566
821 872 860 872 227
821 893 860 872 12
821 893 1034 867 182
834 470 786 560 833
834 470 786 598 7
860 867 1034 867 131
864 1212 1030 1111 192
868 431 868 470 65
891 3375 990 3459 286
891 3375 991 3459 270
921 3375 990 3459 120
940 2352 940 2390 598
940 2352 1018 2267 80
955 408 786 598 9
955 408 1568 235 97
955 408 1568 381 583
955 431 786 598 64
955 431 868 470 772
988 312 1373 227 563
988 312 1502 235 80
988 312 1568 235 135
990 2390 1018 2267 222
990 2390 1018 2390 197
990 2390 1066 1985 53
990 2390 1247 2012 169
990 2390 1324 2729 49
1017 2166 1139 2114 70
1017 2166 1202 2082 18
1017 2166 1247 2012 262
1017 2267 1018 2267 273
1029 2123 1048 2114 345
1029 2123 1086 2114 57
1029 2166 1086 2114 168
1029 2166 1139 2114 153
1034 835 1082 835 547
1048 2123 1048 2114 504
1066 1825 1320 1776 633
1069 309 1124 306 543
1069 312 1124 306 94
1069 312 1231 306 338
1069 312 1373 227 263
1069 312 1373 278 67
1086 1985 1320 1756 175
1086 1985 1320 1776 155
1086 1985 1328 1971 107
1097 835 1112 820 521
1097 835 1112 845 326
1097 845 1112 845 188
1139 2100 1202 2082 467
1149 880 1112 845 94
1149 880 1143 820 511
1149 880 1143 880 90
1166 2082 1202 2082 99
1166 2100 1202 2082 64
1194 3516 991 3516 88
1202 2016 1247 2012 172
1231 278 1373 278 671
1252 1584 1320 1756 55
1252 1584 1414 1580 310
1252 1733 1320 1756 598
1312 2855 1308 2855 330
1312 2944 1316 2944 535
1316 2909 1308 2834 173
1316 2909 1308 2855 201
1320 2831 1324 2729 97
1320 2909 1308 2834 347
1320 2909 1308 2855 186
1320 2909 1320 2876 114
1320 2909 1324 2729 99
1324 2831 1324 2729 278
1328 2012 1322 2012 214
1328 2012 1328 1971 430
1363 1374 1398 1580 7
1363 1374 1414 1580 157
1363 1374 1488 1404 360
1391 1936 1398 1756 176
1391 1936 1412 1799 142
1404 2729 1404 2654 354
1412 1936 1412 1799 86
1414 1374 1414 1580 269
1416 1757 1398 1756 150
1416 1757 1416 1756 617
1418 2621 1404 2654 104
1418 2654 1404 2654 9
1423 2876 1404 2654 152
1423 2974 1423 2899 425
1431 2974 1423 2899 63
1431 2974 1431 2909 163
1445 2909 1445 2899 339
1449 3104 1423 3104 399
1482 1771 1398 1756 124
1482 1771 1449 1771 8
1482 1771 1482 1788 107
1502 227 1502 235 67
1503 1273 1655 1472 513
1503 1273 1656 1273 166
1503 1350 1488 1374 164
1503 1350 1488 1404 194
1503 1350 1655 1472 109
1550 3083 1316 2944 57
1550 3083 1404 2654 75
1550 3083 1423 2899 298
1550 3083 1445 2899 109
1550 3104 1423 3104 47
1574 851 1556 851 503
1603 3756 1656 3635 126
1603 3756 1747 3635 21
1603 3789 1466 4014 233
1603 3789 1656 3635 129
1620 3992 1466 4014 133
1620 3992 1620 4014 653
1636 3127 1423 3104 246
1636 3127 2012 3411 318
1636 3475 991 3516 78
1636 3475 1631 3441 361
1636 3475 1636 3441 53
1636 3475 1747 3635 22
1636 3475 2002 3482 260
1636 3475 2012 3411 23
1656 1268 1656 1273 29
1656 3475 1656 3635 91
1656 3475 1747 3635 273
1656 3475 2002 3482 403
1656 3475 2012 3411 18
1656 3629 1656 3635 427
1658 3058 1316 2944 116
1658 3058 1324 2729 20
1658 3058 1723 3058 101
1658 3058 2076 2960 22
1658 3083 1404 2654 86
1658 3083 2076 2960 21
1678 840 1574 840 669
1679 1251 1656 1273 18
1698 1800 1629 1791 108
1698 1800 1629 1800 99
1705 737 1724 438 199
1705 737 1728 720 643
1705 748 1556 851 171
1705 748 1574 840 13
1705 748 1678 748 13
1705 748 1724 438 392
1705 748 1755 461 126
1705 748 1769 678 45
1721 1948 1698 1806 216
1723 3092 1723 3058 20
1723 3092 1728 3088 432
1723 3092 1728 3092 221
1723 3092 2012 3411 53
1723 3092 2076 2960 23
1724 429 1724 438 192
1728 737 1728 720 108
1740 2015 1619 1788 22
1740 2015 1629 1791 17
1740 2015 1698 1806 311
1740 2015 1721 2015 249
1740 2020 1449 1799 28
1740 2020 1619 1788 434
1744 610 1745 610 387
1744 681 1745 568 418
1744 681 1745 610 72
1744 681 1755 461 45
1744 720 1745 568 94
1744 720 1747 537 274
1744 720 1755 461 14
1747 461 1755 461 197
1747 568 1747 537 528
1753 2331 1449 1799 102
1753 2331 1482 1788 23
1753 2331 2513 1546 236
1753 2331 2682 1565 32
1753 2331 2758 1567 190
1755 438 1755 461 76
1755 438 1775 429 147
1767 2059 1767 2020 218
1767 2059 1840 2059 230
1767 2059 2528 1887 47
1775 411 1775 429 121
1779 1851 1779 1823 166
1779 1851 1887 1823 674
1781 2088 1840 2088 646
1788 2331 1840 2059 47
1788 2331 1976 1896 153
1788 2331 1976 1901 400
1788 2331 2005 2076 226
1793 3902 1747 3635 144
1793 3902 1814 3902 19
1793 3902 1912 3937 118
1793 3902 2069 3833 233
1798 665 1769 678 379
1798 678 1769 678 410
1805 411 1775 429 47
1818 1168 1556 851 10
1818 1168 1656 1273 416
1818 1168 3159 1201 104
1818 1168 3236 1232 20
1818 1251 1656 1273 136
1820 2331 1840 2059 28
1820 2331 1840 2088 71
1820 2331 1976 1896 371
1820 2385 1867 2384 229
1820 2385 1906 2384 17
1820 2385 2465 1865 59
1820 2385 2513 1546 100
1820 2385 2528 1887 55
1820 2385 2682 1565 7
1820 2385 2758 1567 169
1836 1158 3159 1201 21
1836 1168 3159 1201 50
1836 1168 3278 1177 4
1840 2073 1840 2059 199
1840 2073 1976 1896 71
1841 3943 1912 3937 65
1841 3947 1912 3992 397
1867 2385 1867 2384 610
1887 1896 1887 1823 131
1887 1896 1976 1896 131
1906 2436 1994 2436 570
1912 3947 1912 3937 268
1912 3947 1912 3992 128
1949 1158 2626 1425 491
1949 1158 3098 1182 49
1949 1158 3159 1201 102
1949 1158 3170 1230 7
1949 1158 3236 1232 18
1949 1158 3278 1177 122
1996 1158 1996 1168 138
1996 1158 2103 1168 626
1996 1158 3159 1201 42
1996 1158 3236 1232 16
2000 2073 2040 1788 53
2000 2073 2078 1788 281
2000 2073 2490 1887 151
2000 2073 2528 1887 75
2000 2076 2005 2076 467
2002 3441 2012 3411 28
2002 3441 2012 3441 177
2007 2547 1994 2436 210
2007 2547 2017 2547 192
2007 2547 2026 2588 36
2007 2547 2035 2696 361
2007 2547 2682 1565 44
2007 2588 2026 2588 157
2016 2277 2025 1789 4
2016 2277 2025 1901 177
2016 2277 2040 1788 241
2016 2277 2078 1788 192
2016 2437 2318 1772 18
2016 2437 2324 1835 177
2016 2437 2465 1865 106
2016 2437 2490 1865 106
2016 2437 2490 1887 126
2016 2437 2513 1546 22
2017 2437 2025 1901 318
2017 2437 2078 1788 148
2017 2437 2318 1772 77
2026 2696 2035 2696 377
2035 2748 2066 2748 70
2035 2748 2076 2767 223
2035 2748 2076 2960 201
2038 382 1805 378 259
2038 382 1805 381 72
2038 387 1775 429 355
2038 387 1805 378 73
2061 4031 2061 4035 469
2061 4031 2069 3833 108
2067 4035 2069 3833 306
2067 4080 2069 3833 130
2076 3792 2069 3792 235
2076 3792 2069 3833 17
2076 3792 2076 3784 370
2078 1772 2318 1772 167
2085 4031 2085 3937 161
2085 4031 2085 3954 157
2085 4031 2085 3999 461
2092 2266 2318 1772 332
2092 2266 2324 1835 131
2093 3769 2076 3784 156
2093 3769 2100 3769 357
2100 3482 2012 3411 148
2100 3482 2059 3411 278
2103 1174 2545 1498 59
2103 1174 2552 1425 215
2103 1174 2626 1425 189
2103 1174 3098 1182 24
2103 1174 3159 1201 120
2103 1174 3278 1177 45
2113 3954 2085 3937 331
2113 3954 2085 3954 185
2113 3954 2129 3833 157
2137 201 2137 215 433
2137 201 2253 249 116
2137 201 2253 280 138
2137 201 2278 387 139
2171 1174 2552 1425 354
2171 3198 2059 3272 127
2171 3198 2059 3411 297
2171 3272 2059 3272 588
2178 3198 2012 3411 220
2178 3198 2059 3411 117
2178 3198 2178 3137 24
2185 3755 2185 3769 605
2187 3086 2215 3082 164
2187 3086 2453 2993 146
2187 3086 2475 3111 203
2187 3086 2566 3112 120
2187 3137 2178 3137 138
2187 3137 2578 3123 141
2210 2960 2453 2993 497
2210 3065 2475 3060 82
2210 3065 2485 3017 399
2210 3700 2129 3833 189
2210 3700 2185 3769 158
2210 3700 2210 3755 32
2215 3065 2453 2993 106
2215 3065 2453 3060 7
2215 3065 2475 3060 577
2215 3065 2485 3017 47
2215 3086 2215 3082 360
2215 3086 2475 3111 11
2226 215 2253 249 306
2253 232 2253 249 143
2262 3069 2485 3017 94
2295 2355 2295 2224 91
2295 2355 2324 1835 212
2335 3069 2453 2993 53
2354 2568 2381 2355 377
2354 2568 2381 2535 197
2354 2568 2465 1865 177
2354 2568 2490 1865 97
2354 2598 2395 2598 786
2354 2598 2758 1567 59
2420 2535 2465 1865 149
2420 2535 2490 1887 218
2420 2568 2465 1865 93
2420 2568 2490 1865 42
2453 3040 2485 3017 166
2465 1672 2513 1618 79
2465 1672 2682 1567 448
2473 1672 2473 1618 246
2473 1672 2513 1618 316
2502 211 2278 280 155
2502 211 2278 387 56
2502 211 2473 24 437
2502 211 3010 0 98
2502 211 3010 17 68
2502 249 2278 280 538
2512 3111 2512 3112 539
2512 3111 2566 3112 56
2528 1901 2528 1887 221
2530 2956 2485 3017 125
2530 2956 2530 2910 408
2530 2956 2574 2956 79
2531 1539 2513 1546 289
2531 1539 2522 1539 194
2545 1438 2545 1498 644
2552 1438 2545 1498 60
2556 236 2556 249 281
2556 236 2645 730 98
2556 236 3010 0 297
2556 236 3010 17 141
2566 2979 2566 3017 455
2566 3114 2566 3112 157
2571 3114 2566 3112 103
2571 3114 2578 3123 237
2571 3123 2578 3123 107
2574 2979 2566 3017 63
2574 2979 2574 2956 128
2592 3460 2592 3131 213
2615 1901 2682 1565 230
2615 1901 2682 1567 224
2617 3487 2592 3131 212
2617 3487 2617 3460 297
2626 1446 2626 1425 76
2626 1446 2682 1565 358
2661 869 2645 730 2
2661 869 2653 869 451
2661 869 2940 991 64
2661 869 3052 922 32
2661 869 3103 991 66
2678 1446 2682 1565 7
2690 249 2690 236 470
2690 249 2916 287 48
2690 249 2916 312 93
2690 249 3010 0 159
2706 3514 2578 3123 136
2706 3514 2592 3131 351
2706 3514 2692 3514 86
2706 3514 2706 3531 2
2711 926 2711 999 93
2711 926 2733 999 100
2711 926 2940 991 54
2711 926 2979 934 49
2733 1004 2733 999 638
2741 3890 2741 3921 631
2758 1607 2758 1567 148
2758 1607 2789 1607 212
2766 249 2916 287 524
2766 249 2951 17 322
2779 3508 2592 3131 49
2779 3508 2692 3487 242
2779 3531 2728 3531 695
2781 3942 2711 3921 670
2781 3942 2741 3921 139
2798 3857 2129 3833 282
2798 3857 2706 3531 438
2798 3857 2728 3531 9
2798 3857 2781 3890 15
2798 3942 2711 3921 156
2798 3942 2781 3890 682
2813 1656 2789 1607 226
2813 1657 2789 1607 84
2827 999 2827 1004 202
2827 999 3155 1100 27
2827 999 3290 1065 114
2863 3825 2706 3531 110
2863 3825 2894 3799 71
2863 3825 2940 3799 102
2863 3857 2129 3833 168
2863 3857 2706 3531 178
2863 3857 2940 3905 115
2886 3520 2886 3508 237
2886 3520 2932 3520 304
2886 3548 2706 3531 55
2886 3548 2728 3531 49
2886 3548 3197 3460 289
2894 3548 2932 3520 130
2894 3548 3197 3460 120
2894 3825 2894 3799 327
2903 1446 2758 1567 162
2903 1446 2889 1446 438
2903 1446 2968 1663 28
2903 1446 3291 1535 202
2927 1577 2968 1663 232
2927 1657 2927 1659 781
2927 1657 2968 1663 27
2929 1534 2968 1663 96
2929 1534 3222 1535 196
2929 1534 3291 1535 249
2929 1577 2968 1640 451
2929 1577 2968 1663 31
2932 3493 3152 3130 292
2932 3493 3168 3342 56
2932 3493 3181 3365 239
2932 3493 3197 3460 217
2940 999 2940 991 83
2940 999 3103 991 132
2940 999 3155 1100 99
2940 999 3290 1065 78
2941 1659 2950 1663 299
2941 1659 2968 1663 299
2941 1662 2950 1663 252
2950 1662 2950 1663 287
2964 3905 2940 3905 654
2964 3905 3229 3921 133
2964 3921 3229 3921 79
2975 941 2975 991 393
2975 941 3052 941 87
2975 941 3065 941 46
2988 312 2989 447 412
2989 547 2989 447 251
2989 547 2989 720 22
2989 547 3009 720 330
2992 922 3052 922 146
2992 934 3052 941 331
2992 934 3065 941 333
2992 934 3103 991 98
3017 720 3009 720 75
3017 720 3052 922 66
3017 720 3052 941 188
3017 720 3065 974 70
3017 720 3101 991 2
3017 720 3103 991 231
3017 720 3311 746 195
3052 837 3052 922 601
3072 2337 2968 1663 26
3072 2337 3113 2114 608
3072 2337 3113 2129 118
3072 2337 3381 1831 28
3085 2359 3072 2359 74
3086 1612 3102 1612 335
3086 1628 3207 1645 358
3086 1628 3259 1645 89
3086 2337 3113 2129 212
3086 2355 3072 2359 183
3086 2355 3085 2355 213
3086 2355 3113 2114 54
3086 2355 3113 2129 54
3086 2355 3222 2026 252
3098 1201 3159 1201 208
3098 1201 3170 1230 73
3101 321 3157 0 22
3101 321 3174 157 232
3101 363 3174 157 372
3101 363 3408 663 49
3101 974 3101 991 391
3102 1610 3102 1612 62
3102 1610 3170 1542 523
3102 1610 3222 1535 157
3102 1610 3291 1535 63
3120 1002 3139 1100 236
3120 1002 3155 1100 169
3120 1002 3290 1065 92
3146 363 3146 157 274
3146 363 3174 157 224
3146 447 3311 746 463
3146 447 3408 663 379
3152 3342 3168 3342 144
3155 1117 3155 1100 414
3155 1117 3159 1201 12
3155 1117 3170 1230 280
3155 1117 3236 1232 31
3155 1117 3278 1177 3
3157 2257 3158 2152 46
3157 2257 3172 2091 492
3157 2257 3222 2026 54
3157 2257 3238 2026 48
3157 2257 3284 2232 22
3157 2257 3284 2254 173
3157 2337 3222 2026 182
3157 2337 3284 2232 56
3157 2337 3284 2254 13
3158 2254 3158 2152 345
3159 1230 3170 1230 266
3168 3365 3181 3365 118
3170 1610 3170 1542 58
3181 3460 3181 3365 55
3191 2360 3191 2387 28
3191 2360 3222 2026 239
3191 2360 3238 2026 215
3191 2360 3259 1645 137
3191 2360 3284 2232 48
3194 99 3157 0 326
3194 99 3174 99 231
3194 99 3194 79 252
3196 2387 3191 2387 6
3196 2387 3217 2395 129
3196 2387 3217 2485 328
3196 2395 3217 2395 708
3207 1610 3222 1535 51
3207 1610 3222 1542 478
3207 1610 3291 1535 75
3220 3314 3221 3309 61
3220 3314 3221 3314 236
3221 2340 3221 2337 341
3221 2340 3284 2254 275
3221 2360 3222 2026 101
3250 2485 3363 2501 31
3250 2501 3363 2501 266
3255 1950 3255 1948 228
3255 1950 3259 1645 137
3266 3469 3220 3469 49
3266 3493 3220 3469 394
3266 3493 3266 3481 149
3266 3502 3197 3460 74
3266 3502 3220 3469 319
3266 3502 3221 3309 263
3266 3502 3407 2506 85
3268 2800 3313 2600 3
3268 2800 3363 2501 129
3268 2800 3407 2501 103
3268 2800 3407 2506 141
3269 1944 3337 1838 195
3269 1944 3337 1888 34
3269 1944 3358 1831 5
3269 1944 3381 1831 460
3290 1118 3346 1118 788
3290 1118 3350 1121 48
3296 1065 3290 1065 7
3297 760 3296 969 78
3297 760 3311 746 6
3297 969 3296 969 178
3299 1888 3337 1888 109
3299 1944 3337 1888 252
3309 2788 3313 2600 156
3309 2788 3313 2788 296
3309 2788 3363 2501 7
3309 2788 3407 2501 94
3309 2800 3313 2600 329
3309 2800 3363 2501 46
3309 2800 3407 2506 139
3326 1392 3575 1460 208
3327 1535 3291 1535 18
3327 1535 3327 1542 631
3327 1535 3519 1555 47
3329 1234 3236 1234 294
3346 1121 3350 1121 122
3350 1119 3350 1121 109
3354 1392 3575 1460 417
3357 1289 3326 1297 181
3358 1838 3358 1831 338
3359 2600 3363 2501 204
3359 2600 3363 2600 589
3360 1249 3236 1234 145
3360 1249 3329 1249 170
3360 1249 3350 1121 374
3360 1249 3405 1119 110
3360 1289 3236 1232 354
3360 1289 3236 1234 81
3360 1289 3326 1297 164
3360 1289 3575 1460 174
3405 1177 3405 1119 315
3408 707 3387 707 395
3408 707 3405 1119 262
3410 1686 3410 1651 180
3410 1686 3519 1555 281
3424 2624 3424 2506 538
3436 2223 3436 2232 690
3436 2223 3519 1555 48
3440 3481 3407 2506 79
3440 3481 3424 2506 121
3440 3481 3431 2624 148
3440 3487 3431 2624 143
3495 1005 3450 1115 115
3495 1005 3450 1119 47
3512 2791 3441 2761 518
3512 2857 3441 2761 21
3526 531 3417 608 263
3526 531 3450 1119 86
3526 531 3526 542 109
3526 947 3498 961 286
3526 947 3498 1005 175
3537 525 3408 663 217
3537 531 3408 663 181
3537 531 3450 1119 116
3569 3933 3424 2506 152
3569 3933 3441 2761 45
3569 3933 3574 3487 258
3574 3462 3441 2761 241
3574 3462 3572 1853 13
3577 2791 3572 1853 11
3577 2791 3685 2736 50
3579 947 3450 1119 16
3579 947 3498 1005 453
3582 1759 3545 1557 123
3582 1759 3568 1759 103
3582 1817 3545 1557 11
3582 1817 3568 1817 121
3582 1817 3572 1817 54
3582 1817 3572 1853 326
3602 3462 3602 3443 275
3602 3462 3685 2736 248
3626 1759 3626 1742 303
3661 271 3450 1119 161
3661 271 3579 912 394
3661 271 3802 271 5
3661 271 4066 273 66
3671 1853 3572 1853 465
3694 525 3837 1329 437
3707 1734 3545 1557 87
3707 1734 3559 1723 154
3707 1734 3575 1557 26
3707 1734 3626 1742 155
3707 1734 3643 1460 14
3707 1734 3707 1742 316
3714 2789 3702 2789 340
3791 1707 3545 1557 90
3791 1707 3837 1329 11
3791 1707 3837 1401 61
3796 499 3834 499 576
3796 499 3837 1329 75
3799 3352 3685 2736 275
3801 2776 3769 2774 458
3801 2776 3801 2757 368
3822 1902 3671 1868 381
3822 1902 3676 1868 387
3834 459 3837 1329 109
3834 459 3961 459 40
3834 459 3967 459 240
3834 459 3967 464 121
3835 3340 3769 2774 139
3881 3305 3881 3113 515
3881 3305 3888 3106 160
3881 3305 3982 3340 170
3940 2776 3769 2757 30
3940 2776 3769 2774 34
3940 2776 3960 2739 311
3940 3091 3685 2736 185
3940 3091 3702 2789 4
3940 3091 3888 3106 229
3940 3091 3960 2739 221
3943 185 3943 209 354
3943 185 4058 185 374
3950 2295 3671 1868 323
3950 2295 3676 1868 236
3960 2468 3936 2326 145
3960 2468 3950 2326 341
3960 2468 3958 2295 201
3960 2468 3960 2437 148
3979 3305 3982 3340 37
3979 3340 3982 3340 156
3986 2468 3958 2295 144
3986 2503 3958 2295 111
4002 464 3967 464 191
4002 559 3967 464 62
4004 559 3967 464 21
4004 559 4016 838 83
4004 559 4031 906 349
4004 838 4016 838 305
4016 906 4031 906 270
4030 2538 3671 1868 35
4030 2538 3837 1329 168
4030 2538 3837 1401 130
4030 2538 3958 2295 33
4030 2538 4030 2503 256
4033 2538 3671 1868 107
4033 2538 3837 1401 25
4033 2538 3958 2295 99
4039 306 4066 273 26
4039 306 4066 306 188
4039 354 3961 354 219
4039 354 3967 459 109
4039 354 3967 464 356
4039 354 4066 273 89
4049 2566 3958 2295 257
4049 2731 3960 2739 179
4049 2731 3985 2731 211
4049 2731 3985 2739 185
4058 207 4058 185 223
4075 207 4058 185 41
4075 207 4066 273 282
4075 207 4075 273 276
